C:\Program Files (x86)\Microsoft Visual Studio\2019\Community\MSBuild\Microsoft\VC\v160\Microsoft.CppCommon.targets(37,5): warning MSB4211: The property "IntermediateOutputPath" is being set to a value for the first time, but it was already consumed at "C:\Program Files (x86)\Microsoft Visual Studio\2019\Community\MSBuild\Microsoft\VC\v160\Microsoft.CppCommon.targets (36,5)".
C:\Program Files (x86)\Microsoft Visual Studio\2019\Community\MSBuild\Current\Bin\Microsoft.Common.CurrentVersion.targets(340,5): warning MSB4211: The property "CleanFile" is being set to a value for the first time, but it was already consumed at "C:\Program Files (x86)\Microsoft Visual Studio\2019\Community\MSBuild\Microsoft\VC\v160\Microsoft.CppCommon.targets (36,5)".
cl : command line warning D9035: option 'Gm' has been deprecated and will be removed in a future release
  bilbiotheque_main.cpp
C:\Users\Mallou\Desktop\Informatique\Study\biblio emp\biblio emp\econio.cpp(14,29): warning C4838: conversion from 'int' to 'SHORT' requires a narrowing conversion
C:\Users\Mallou\Desktop\Informatique\Study\biblio emp\biblio emp\econio.cpp(14,32): warning C4838: conversion from 'int' to 'SHORT' requires a narrowing conversion
C:\Users\Mallou\Desktop\Informatique\Study\biblio emp\biblio emp\econio.cpp(52,37): warning C4838: conversion from 'int' to 'DWORD' requires a narrowing conversion
C:\Users\Mallou\Desktop\Informatique\Study\biblio emp\biblio emp\econio.cpp(79,31): warning C4838: conversion from 'int' to 'SHORT' requires a narrowing conversion
C:\Users\Mallou\Desktop\Informatique\Study\biblio emp\biblio emp\econio.cpp(79,41): warning C4838: conversion from 'int' to 'SHORT' requires a narrowing conversion
C:\Users\Mallou\Desktop\Informatique\Study\biblio emp\biblio emp\bilbiotheque_main.cpp(58,2): warning C4996: 'scanf': This function or variable may be unsafe. Consider using scanf_s instead. To disable deprecation, use _CRT_SECURE_NO_WARNINGS. See online help for details.
C:\Users\Mallou\Desktop\Informatique\Study\biblio emp\biblio emp\bilbiotheque_main.cpp(63,2): warning C4996: 'scanf': This function or variable may be unsafe. Consider using scanf_s instead. To disable deprecation, use _CRT_SECURE_NO_WARNINGS. See online help for details.
C:\Users\Mallou\Desktop\Informatique\Study\biblio emp\biblio emp\bilbiotheque_main.cpp(75,2): warning C4996: 'scanf': This function or variable may be unsafe. Consider using scanf_s instead. To disable deprecation, use _CRT_SECURE_NO_WARNINGS. See online help for details.
C:\Users\Mallou\Desktop\Informatique\Study\biblio emp\biblio emp\bilbiotheque_main.cpp(86,2): warning C4996: 'scanf': This function or variable may be unsafe. Consider using scanf_s instead. To disable deprecation, use _CRT_SECURE_NO_WARNINGS. See online help for details.
C:\Users\Mallou\Desktop\Informatique\Study\biblio emp\biblio emp\bilbiotheque_main.cpp(87,2): warning C4996: 'scanf': This function or variable may be unsafe. Consider using scanf_s instead. To disable deprecation, use _CRT_SECURE_NO_WARNINGS. See online help for details.
C:\Users\Mallou\Desktop\Informatique\Study\biblio emp\biblio emp\bilbiotheque_main.cpp(88,2): warning C4996: 'scanf': This function or variable may be unsafe. Consider using scanf_s instead. To disable deprecation, use _CRT_SECURE_NO_WARNINGS. See online help for details.
C:\Users\Mallou\Desktop\Informatique\Study\biblio emp\biblio emp\bilbiotheque_main.cpp(90,2): warning C4996: 'scanf': This function or variable may be unsafe. Consider using scanf_s instead. To disable deprecation, use _CRT_SECURE_NO_WARNINGS. See online help for details.
C:\Users\Mallou\Desktop\Informatique\Study\biblio emp\biblio emp\bilbiotheque_main.cpp(91,2): warning C4996: 'scanf': This function or variable may be unsafe. Consider using scanf_s instead. To disable deprecation, use _CRT_SECURE_NO_WARNINGS. See online help for details.
C:\Users\Mallou\Desktop\Informatique\Study\biblio emp\biblio emp\bilbiotheque_main.cpp(92,2): warning C4996: 'scanf': This function or variable may be unsafe. Consider using scanf_s instead. To disable deprecation, use _CRT_SECURE_NO_WARNINGS. See online help for details.
C:\Users\Mallou\Desktop\Informatique\Study\biblio emp\biblio emp\bilbiotheque_main.cpp(53,7): warning C4101: 'd1': unreferenced local variable
C:\Users\Mallou\Desktop\Informatique\Study\biblio emp\biblio emp\bilbiotheque_main.cpp(53,11): warning C4101: 'd2': unreferenced local variable
C:\Users\Mallou\Desktop\Informatique\Study\biblio emp\biblio emp\bilbiotheque_main.cpp(152,18): warning C4996: 'scanf': This function or variable may be unsafe. Consider using scanf_s instead. To disable deprecation, use _CRT_SECURE_NO_WARNINGS. See online help for details.
C:\Users\Mallou\Desktop\Informatique\Study\biblio emp\biblio emp\bilbiotheque_main.cpp(157,20): warning C4996: 'scanf': This function or variable may be unsafe. Consider using scanf_s instead. To disable deprecation, use _CRT_SECURE_NO_WARNINGS. See online help for details.
C:\Users\Mallou\Desktop\Informatique\Study\biblio emp\biblio emp\bilbiotheque_main.cpp(176,15): warning C4996: 'scanf': This function or variable may be unsafe. Consider using scanf_s instead. To disable deprecation, use _CRT_SECURE_NO_WARNINGS. See online help for details.
C:\Users\Mallou\Desktop\Informatique\Study\biblio emp\biblio emp\bilbiotheque_main.cpp(177,15): warning C4996: 'scanf': This function or variable may be unsafe. Consider using scanf_s instead. To disable deprecation, use _CRT_SECURE_NO_WARNINGS. See online help for details.
C:\Users\Mallou\Desktop\Informatique\Study\biblio emp\biblio emp\bilbiotheque_main.cpp(178,16): warning C4996: 'scanf': This function or variable may be unsafe. Consider using scanf_s instead. To disable deprecation, use _CRT_SECURE_NO_WARNINGS. See online help for details.
C:\Users\Mallou\Desktop\Informatique\Study\biblio emp\biblio emp\bilbiotheque_main.cpp(179,15): warning C4996: 'scanf': This function or variable may be unsafe. Consider using scanf_s instead. To disable deprecation, use _CRT_SECURE_NO_WARNINGS. See online help for details.
C:\Users\Mallou\Desktop\Informatique\Study\biblio emp\biblio emp\bilbiotheque_main.cpp(182,72): warning C4996: 'getch': The POSIX name for this item is deprecated. Instead, use the ISO C and C++ conformant name: _getch. See online help for details.
C:\Users\Mallou\Desktop\Informatique\Study\biblio emp\biblio emp\bilbiotheque_main.cpp(240,18): warning C4996: 'scanf': This function or variable may be unsafe. Consider using scanf_s instead. To disable deprecation, use _CRT_SECURE_NO_WARNINGS. See online help for details.
C:\Users\Mallou\Desktop\Informatique\Study\biblio emp\biblio emp\bilbiotheque_main.cpp(245,20): warning C4996: 'scanf': This function or variable may be unsafe. Consider using scanf_s instead. To disable deprecation, use _CRT_SECURE_NO_WARNINGS. See online help for details.
C:\Users\Mallou\Desktop\Informatique\Study\biblio emp\biblio emp\bilbiotheque_main.cpp(264,15): warning C4996: 'scanf': This function or variable may be unsafe. Consider using scanf_s instead. To disable deprecation, use _CRT_SECURE_NO_WARNINGS. See online help for details.
C:\Users\Mallou\Desktop\Informatique\Study\biblio emp\biblio emp\bilbiotheque_main.cpp(265,16): warning C4996: 'scanf': This function or variable may be unsafe. Consider using scanf_s instead. To disable deprecation, use _CRT_SECURE_NO_WARNINGS. See online help for details.
C:\Users\Mallou\Desktop\Informatique\Study\biblio emp\biblio emp\bilbiotheque_main.cpp(266,16): warning C4996: 'scanf': This function or variable may be unsafe. Consider using scanf_s instead. To disable deprecation, use _CRT_SECURE_NO_WARNINGS. See online help for details.
C:\Users\Mallou\Desktop\Informatique\Study\biblio emp\biblio emp\bilbiotheque_main.cpp(267,15): warning C4996: 'scanf': This function or variable may be unsafe. Consider using scanf_s instead. To disable deprecation, use _CRT_SECURE_NO_WARNINGS. See online help for details.
C:\Users\Mallou\Desktop\Informatique\Study\biblio emp\biblio emp\bilbiotheque_main.cpp(270,72): warning C4996: 'getch': The POSIX name for this item is deprecated. Instead, use the ISO C and C++ conformant name: _getch. See online help for details.
C:\Users\Mallou\Desktop\Informatique\Study\biblio emp\biblio emp\bilbiotheque_main.cpp(332,3): warning C4996: 'cprintf': The POSIX name for this item is deprecated. Instead, use the ISO C and C++ conformant name: _cprintf. See online help for details.
C:\Users\Mallou\Desktop\Informatique\Study\biblio emp\biblio emp\bilbiotheque_main.cpp(335,3): warning C4996: 'cprintf': The POSIX name for this item is deprecated. Instead, use the ISO C and C++ conformant name: _cprintf. See online help for details.
C:\Users\Mallou\Desktop\Informatique\Study\biblio emp\biblio emp\bilbiotheque_main.cpp(338,3): warning C4996: 'cprintf': The POSIX name for this item is deprecated. Instead, use the ISO C and C++ conformant name: _cprintf. See online help for details.
C:\Users\Mallou\Desktop\Informatique\Study\biblio emp\biblio emp\bilbiotheque_main.cpp(341,3): warning C4996: 'cprintf': The POSIX name for this item is deprecated. Instead, use the ISO C and C++ conformant name: _cprintf. See online help for details.
C:\Users\Mallou\Desktop\Informatique\Study\biblio emp\biblio emp\bilbiotheque_main.cpp(351,5): warning C4996: 'getch': The POSIX name for this item is deprecated. Instead, use the ISO C and C++ conformant name: _getch. See online help for details.
C:\Users\Mallou\Desktop\Informatique\Study\biblio emp\biblio emp\bilbiotheque_main.cpp(347,13): warning C4101: 'i': unreferenced local variable
C:\Users\Mallou\Desktop\Informatique\Study\biblio emp\biblio emp\bilbiotheque_main.cpp(380,18): warning C4551: function call missing argument list
C:\Users\Mallou\Desktop\Informatique\Study\biblio emp\biblio emp\bilbiotheque_main.cpp(380,9): warning C4996: 'kbhit': The POSIX name for this item is deprecated. Instead, use the ISO C and C++ conformant name: _kbhit. See online help for details.
C:\Users\Mallou\Desktop\Informatique\Study\biblio emp\biblio emp\bilbiotheque_main.cpp(389,3): warning C4996: 'getch': The POSIX name for this item is deprecated. Instead, use the ISO C and C++ conformant name: _getch. See online help for details.
C:\Users\Mallou\Desktop\Informatique\Study\biblio emp\biblio emp\bilbiotheque_main.cpp(393,3): warning C4996: 'getch': The POSIX name for this item is deprecated. Instead, use the ISO C and C++ conformant name: _getch. See online help for details.
C:\Users\Mallou\Desktop\Informatique\Study\biblio emp\biblio emp\bilbiotheque_main.cpp(397,3): warning C4996: 'getch': The POSIX name for this item is deprecated. Instead, use the ISO C and C++ conformant name: _getch. See online help for details.
C:\Users\Mallou\Desktop\Informatique\Study\biblio emp\biblio emp\bilbiotheque_main.cpp(419,3): warning C4996: 'cprintf': The POSIX name for this item is deprecated. Instead, use the ISO C and C++ conformant name: _cprintf. See online help for details.
C:\Users\Mallou\Desktop\Informatique\Study\biblio emp\biblio emp\bilbiotheque_main.cpp(422,3): warning C4996: 'cprintf': The POSIX name for this item is deprecated. Instead, use the ISO C and C++ conformant name: _cprintf. See online help for details.
C:\Users\Mallou\Desktop\Informatique\Study\biblio emp\biblio emp\bilbiotheque_main.cpp(425,3): warning C4996: 'cprintf': The POSIX name for this item is deprecated. Instead, use the ISO C and C++ conformant name: _cprintf. See online help for details.
C:\Users\Mallou\Desktop\Informatique\Study\biblio emp\biblio emp\bilbiotheque_main.cpp(428,3): warning C4996: 'cprintf': The POSIX name for this item is deprecated. Instead, use the ISO C and C++ conformant name: _cprintf. See online help for details.
C:\Users\Mallou\Desktop\Informatique\Study\biblio emp\biblio emp\bilbiotheque_main.cpp(431,3): warning C4996: 'cprintf': The POSIX name for this item is deprecated. Instead, use the ISO C and C++ conformant name: _cprintf. See online help for details.
C:\Users\Mallou\Desktop\Informatique\Study\biblio emp\biblio emp\bilbiotheque_main.cpp(441,5): warning C4996: 'getch': The POSIX name for this item is deprecated. Instead, use the ISO C and C++ conformant name: _getch. See online help for details.
C:\Users\Mallou\Desktop\Informatique\Study\biblio emp\biblio emp\bilbiotheque_main.cpp(437,13): warning C4101: 'i': unreferenced local variable
C:\Users\Mallou\Desktop\Informatique\Study\biblio emp\biblio emp\bilbiotheque_main.cpp(470,18): warning C4551: function call missing argument list
C:\Users\Mallou\Desktop\Informatique\Study\biblio emp\biblio emp\bilbiotheque_main.cpp(470,9): warning C4996: 'kbhit': The POSIX name for this item is deprecated. Instead, use the ISO C and C++ conformant name: _kbhit. See online help for details.
C:\Users\Mallou\Desktop\Informatique\Study\biblio emp\biblio emp\bilbiotheque_main.cpp(479,3): warning C4996: 'getch': The POSIX name for this item is deprecated. Instead, use the ISO C and C++ conformant name: _getch. See online help for details.
C:\Users\Mallou\Desktop\Informatique\Study\biblio emp\biblio emp\bilbiotheque_main.cpp(483,3): warning C4996: 'getch': The POSIX name for this item is deprecated. Instead, use the ISO C and C++ conformant name: _getch. See online help for details.
C:\Users\Mallou\Desktop\Informatique\Study\biblio emp\biblio emp\bilbiotheque_main.cpp(487,3): warning C4996: 'getch': The POSIX name for this item is deprecated. Instead, use the ISO C and C++ conformant name: _getch. See online help for details.
C:\Users\Mallou\Desktop\Informatique\Study\biblio emp\biblio emp\bilbiotheque_main.cpp(492,3): warning C4996: 'getch': The POSIX name for this item is deprecated. Instead, use the ISO C and C++ conformant name: _getch. See online help for details.
C:\Users\Mallou\Desktop\Informatique\Study\biblio emp\biblio emp\bilbiotheque_main.cpp(514,3): warning C4996: 'cprintf': The POSIX name for this item is deprecated. Instead, use the ISO C and C++ conformant name: _cprintf. See online help for details.
C:\Users\Mallou\Desktop\Informatique\Study\biblio emp\biblio emp\bilbiotheque_main.cpp(517,3): warning C4996: 'cprintf': The POSIX name for this item is deprecated. Instead, use the ISO C and C++ conformant name: _cprintf. See online help for details.
C:\Users\Mallou\Desktop\Informatique\Study\biblio emp\biblio emp\bilbiotheque_main.cpp(520,3): warning C4996: 'cprintf': The POSIX name for this item is deprecated. Instead, use the ISO C and C++ conformant name: _cprintf. See online help for details.
C:\Users\Mallou\Desktop\Informatique\Study\biblio emp\biblio emp\bilbiotheque_main.cpp(523,3): warning C4996: 'cprintf': The POSIX name for this item is deprecated. Instead, use the ISO C and C++ conformant name: _cprintf. See online help for details.
C:\Users\Mallou\Desktop\Informatique\Study\biblio emp\biblio emp\bilbiotheque_main.cpp(526,3): warning C4996: 'cprintf': The POSIX name for this item is deprecated. Instead, use the ISO C and C++ conformant name: _cprintf. See online help for details.
C:\Users\Mallou\Desktop\Informatique\Study\biblio emp\biblio emp\bilbiotheque_main.cpp(536,5): warning C4996: 'getch': The POSIX name for this item is deprecated. Instead, use the ISO C and C++ conformant name: _getch. See online help for details.
C:\Users\Mallou\Desktop\Informatique\Study\biblio emp\biblio emp\bilbiotheque_main.cpp(532,13): warning C4101: 'i': unreferenced local variable
C:\Users\Mallou\Desktop\Informatique\Study\biblio emp\biblio emp\bilbiotheque_main.cpp(565,18): warning C4551: function call missing argument list
C:\Users\Mallou\Desktop\Informatique\Study\biblio emp\biblio emp\bilbiotheque_main.cpp(565,9): warning C4996: 'kbhit': The POSIX name for this item is deprecated. Instead, use the ISO C and C++ conformant name: _kbhit. See online help for details.
C:\Users\Mallou\Desktop\Informatique\Study\biblio emp\biblio emp\bilbiotheque_main.cpp(574,3): warning C4996: 'getch': The POSIX name for this item is deprecated. Instead, use the ISO C and C++ conformant name: _getch. See online help for details.
C:\Users\Mallou\Desktop\Informatique\Study\biblio emp\biblio emp\bilbiotheque_main.cpp(578,3): warning C4996: 'getch': The POSIX name for this item is deprecated. Instead, use the ISO C and C++ conformant name: _getch. See online help for details.
C:\Users\Mallou\Desktop\Informatique\Study\biblio emp\biblio emp\bilbiotheque_main.cpp(582,3): warning C4996: 'getch': The POSIX name for this item is deprecated. Instead, use the ISO C and C++ conformant name: _getch. See online help for details.
C:\Users\Mallou\Desktop\Informatique\Study\biblio emp\biblio emp\bilbiotheque_main.cpp(587,3): warning C4996: 'getch': The POSIX name for this item is deprecated. Instead, use the ISO C and C++ conformant name: _getch. See online help for details.
C:\Users\Mallou\Desktop\Informatique\Study\biblio emp\biblio emp\bilbiotheque_main.cpp(607,3): warning C4996: 'cprintf': The POSIX name for this item is deprecated. Instead, use the ISO C and C++ conformant name: _cprintf. See online help for details.
C:\Users\Mallou\Desktop\Informatique\Study\biblio emp\biblio emp\bilbiotheque_main.cpp(610,3): warning C4996: 'cprintf': The POSIX name for this item is deprecated. Instead, use the ISO C and C++ conformant name: _cprintf. See online help for details.
C:\Users\Mallou\Desktop\Informatique\Study\biblio emp\biblio emp\bilbiotheque_main.cpp(613,3): warning C4996: 'cprintf': The POSIX name for this item is deprecated. Instead, use the ISO C and C++ conformant name: _cprintf. See online help for details.
C:\Users\Mallou\Desktop\Informatique\Study\biblio emp\biblio emp\bilbiotheque_main.cpp(616,3): warning C4996: 'cprintf': The POSIX name for this item is deprecated. Instead, use the ISO C and C++ conformant name: _cprintf. See online help for details.
C:\Users\Mallou\Desktop\Informatique\Study\biblio emp\biblio emp\bilbiotheque_main.cpp(626,5): warning C4996: 'getch': The POSIX name for this item is deprecated. Instead, use the ISO C and C++ conformant name: _getch. See online help for details.
C:\Users\Mallou\Desktop\Informatique\Study\biblio emp\biblio emp\bilbiotheque_main.cpp(622,13): warning C4101: 'i': unreferenced local variable
C:\Users\Mallou\Desktop\Informatique\Study\biblio emp\biblio emp\bilbiotheque_main.cpp(658,5): warning C4551: function call missing argument list
C:\Users\Mallou\Desktop\Informatique\Study\biblio emp\biblio emp\bilbiotheque_main.cpp(677,5): warning C4551: function call missing argument list
C:\Users\Mallou\Desktop\Informatique\Study\biblio emp\biblio emp\bilbiotheque_main.cpp(657,9): warning C4996: 'kbhit': The POSIX name for this item is deprecated. Instead, use the ISO C and C++ conformant name: _kbhit. See online help for details.
C:\Users\Mallou\Desktop\Informatique\Study\biblio emp\biblio emp\bilbiotheque_main.cpp(658,5): warning C4996: 'getch': The POSIX name for this item is deprecated. Instead, use the ISO C and C++ conformant name: _getch. See online help for details.
C:\Users\Mallou\Desktop\Informatique\Study\biblio emp\biblio emp\bilbiotheque_main.cpp(676,10): warning C4996: 'kbhit': The POSIX name for this item is deprecated. Instead, use the ISO C and C++ conformant name: _kbhit. See online help for details.
C:\Users\Mallou\Desktop\Informatique\Study\biblio emp\biblio emp\bilbiotheque_main.cpp(677,5): warning C4996: 'getch': The POSIX name for this item is deprecated. Instead, use the ISO C and C++ conformant name: _getch. See online help for details.
C:\Users\Mallou\Desktop\Informatique\Study\biblio emp\biblio emp\bilbiotheque_main.cpp(683,3): warning C4996: 'getch': The POSIX name for this item is deprecated. Instead, use the ISO C and C++ conformant name: _getch. See online help for details.
bilbiotheque_main.obj : warning LNK4075: ignoring '/EDITANDCONTINUE' due to '/SAFESEH' specification
  biblio emp.vcxproj -> C:\Users\Mallou\Desktop\Informatique\Study\biblio emp\Debug\biblio emp.exe
